2022-02-23 21:36:00.809  INFO 16136 --- [main] com.bb17.store.StoreApplication          : Starting StoreApplication using Java 11.0.11 on DESKTOP-HO3T745 with PID 16136 (C:\Users\user\eclipse-workspace\store\target\classes started by user in C:\Users\user\eclipse-workspace\store)
2022-02-23 21:36:00.954  INFO 16136 --- [main] com.bb17.store.StoreApplication          : No active profile set, falling back to default profiles: default
2022-02-23 21:36:02.263  INFO 16136 --- [main] .s.d.r.c.RepositoryConfigurationDelegate : Multiple Spring Data modules found, entering strict repository configuration mode!
2022-02-23 21:36:02.265  INFO 16136 --- [main] .s.d.r.c.RepositoryConfigurationDelegate : Bootstrapping Spring Data JDBC repositories in DEFAULT mode.
2022-02-23 21:36:02.307  INFO 16136 --- [main] .RepositoryConfigurationExtensionSupport : Spring Data JDBC - Could not safely identify store assignment for repository candidate interface com.bb17.store.repository.CustomerRepository. If you want this repository to be a JDBC repository, consider annotating your entities with one of these annotations: org.springframework.data.relational.core.mapping.Table.
2022-02-23 21:36:02.309  INFO 16136 --- [main] .RepositoryConfigurationExtensionSupport : Spring Data JDBC - Could not safely identify store assignment for repository candidate interface com.bb17.store.repository.UserRepository. If you want this repository to be a JDBC repository, consider annotating your entities with one of these annotations: org.springframework.data.relational.core.mapping.Table.
2022-02-23 21:36:02.310  INFO 16136 --- [main] .s.d.r.c.RepositoryConfigurationDelegate : Finished Spring Data repository scanning in 38 ms. Found 0 JDBC repository interfaces.
2022-02-23 21:36:02.319  INFO 16136 --- [main] .s.d.r.c.RepositoryConfigurationDelegate : Multiple Spring Data modules found, entering strict repository configuration mode!
2022-02-23 21:36:02.319  INFO 16136 --- [main] .s.d.r.c.RepositoryConfigurationDelegate : Bootstrapping Spring Data JPA repositories in DEFAULT mode.
2022-02-23 21:36:02.364  INFO 16136 --- [main] .s.d.r.c.RepositoryConfigurationDelegate : Finished Spring Data repository scanning in 40 ms. Found 2 JPA repository interfaces.
2022-02-23 21:36:02.900  INFO 16136 --- [main] o.s.b.w.embedded.tomcat.TomcatWebServer  : Tomcat initialized with port(s): 8080 (http)
2022-02-23 21:36:02.912  INFO 16136 --- [main] o.apache.catalina.core.StandardService   : Starting service [Tomcat]
2022-02-23 21:36:02.912  INFO 16136 --- [main] org.apache.catalina.core.StandardEngine  : Starting Servlet engine: [Apache Tomcat/9.0.55]
2022-02-23 21:36:03.038  INFO 16136 --- [main] o.a.c.c.C.[Tomcat].[localhost].[/]       : Initializing Spring embedded WebApplicationContext
2022-02-23 21:36:03.039  INFO 16136 --- [main] w.s.c.ServletWebServerApplicationContext : Root WebApplicationContext: initialization completed in 1900 ms
2022-02-23 21:36:03.186  INFO 16136 --- [main] com.zaxxer.hikari.HikariDataSource       : HikariPool-1 - Starting...
2022-02-23 21:36:03.535  INFO 16136 --- [main] com.zaxxer.hikari.HikariDataSource       : HikariPool-1 - Start completed.
2022-02-23 21:36:03.596  INFO 16136 --- [main] o.hibernate.jpa.internal.util.LogHelper  : HHH000204: Processing PersistenceUnitInfo [name: default]
2022-02-23 21:36:03.666  INFO 16136 --- [main] org.hibernate.Version                    : HHH000412: Hibernate ORM core version 5.6.1.Final
2022-02-23 21:36:03.850  INFO 16136 --- [main] o.hibernate.annotations.common.Version   : HCANN000001: Hibernate Commons Annotations {5.1.2.Final}
2022-02-23 21:36:03.981  INFO 16136 --- [main] org.hibernate.dialect.Dialect            : HHH000400: Using dialect: org.hibernate.dialect.MySQL8Dialect
2022-02-23 21:36:04.535  INFO 16136 --- [main] o.h.e.t.j.p.i.JtaPlatformInitiator       : HHH000490: Using JtaPlatform implementation: [org.hibernate.engine.transaction.jta.platform.internal.NoJtaPlatform]
2022-02-23 21:36:04.546  INFO 16136 --- [main] j.LocalContainerEntityManagerFactoryBean : Initialized JPA EntityManagerFactory for persistence unit 'default'
2022-02-23 21:36:04.920  WARN 16136 --- [main] JpaBaseConfiguration$JpaWebConfiguration : spring.jpa.open-in-view is enabled by default. Therefore, database queries may be performed during view rendering. Explicitly configure spring.jpa.open-in-view to disable this warning
2022-02-23 21:36:05.290  INFO 16136 --- [main] o.s.s.web.DefaultSecurityFilterChain     : Will secure any request with [org.springframework.security.web.context.request.async.WebAsyncManagerIntegrationFilter@57806346, org.springframework.security.web.context.SecurityContextPersistenceFilter@523f3c29, org.springframework.security.web.header.HeaderWriterFilter@3dad8bde, org.springframework.web.filter.CorsFilter@40416321, org.springframework.security.web.authentication.logout.LogoutFilter@2f3c7b24, com.bb17.store.jwt.JwtRequestFilter@58a7ca42, org.springframework.security.web.savedrequest.RequestCacheAwareFilter@2fe38b73, org.springframework.security.web.servletapi.SecurityContextHolderAwareRequestFilter@7efba9b9, org.springframework.security.web.authentication.AnonymousAuthenticationFilter@3ab70d34, org.springframework.security.web.session.SessionManagementFilter@3b17759c, org.springframework.security.web.access.ExceptionTranslationFilter@1e749235, org.springframework.security.web.access.intercept.FilterSecurityInterceptor@4d9bccfe]
2022-02-23 21:36:05.638  WARN 16136 --- [main] o.s.data.convert.CustomConversions       : Registering converter from class java.time.OffsetDateTime to class org.springframework.data.jdbc.core.convert.JdbcValue as writing converter although it doesn't convert to a store-supported type! You might want to check your annotation setup at the converter implementation.
2022-02-23 21:36:05.754  INFO 16136 --- [main] o.s.b.w.embedded.tomcat.TomcatWebServer  : Tomcat started on port(s): 8080 (http) with context path ''
2022-02-23 21:36:05.764  INFO 16136 --- [main] com.bb17.store.StoreApplication          : Started StoreApplication in 5.604 seconds (JVM running for 7.77)
2022-02-23 21:38:04.695  INFO 16136 --- [http-nio-8080-exec-1] o.a.c.c.C.[Tomcat].[localhost].[/]       : Initializing Spring DispatcherServlet 'dispatcherServlet'
2022-02-23 21:38:04.696  INFO 16136 --- [http-nio-8080-exec-1] o.s.web.servlet.DispatcherServlet        : Initializing Servlet 'dispatcherServlet'
2022-02-23 21:38:04.698  INFO 16136 --- [http-nio-8080-exec-1] o.s.web.servlet.DispatcherServlet        : Completed initialization in 2 ms
2022-02-23 21:38:04.744  INFO 16136 --- [http-nio-8080-exec-2] com.bb17.store.jwt.JwtRequestFilter      : ::JwtRequestFilter -> doFilterInternal
2022-02-23 21:38:04.744  INFO 16136 --- [http-nio-8080-exec-2] com.bb17.store.jwt.JwtRequestFilter      : auth: null
2022-02-23 21:38:04.744  WARN 16136 --- [http-nio-8080-exec-2] com.bb17.store.jwt.JwtRequestFilter      : JWT Token does not begin with Bearer String
2022-02-23 21:38:04.845  INFO 16136 --- [http-nio-8080-exec-2] JwtAuthenticationController              : ::JwtAuthenticationController -> createAuthenticationToken
2022-02-23 21:38:04.845  INFO 16136 --- [http-nio-8080-exec-2] JwtAuthenticationController              : id: pby1360
2022-02-23 21:38:04.845  INFO 16136 --- [http-nio-8080-exec-2] JwtAuthenticationController              : pw: comet1
2022-02-23 21:38:04.845  INFO 16136 --- [http-nio-8080-exec-2] JwtAuthenticationController              : ::JwtAuthenticationController -> authenticate
2022-02-23 21:38:04.946  INFO 16136 --- [http-nio-8080-exec-2] c.bb17.store.jwt.JwtUserDetailsService   : ::JwtUserDetailsService -> loadUserByUsername
2022-02-23 21:38:04.979 DEBUG 16136 --- [http-nio-8080-exec-2] org.hibernate.SQL                        : 
    select
        users0_.USER_NO as col_0_0_ 
    from
        USERS users0_ 
    where
        users0_.USER_ID=? limit ?
2022-02-23 21:38:05.038 DEBUG 16136 --- [http-nio-8080-exec-2] org.hibernate.SQL                        : 
    select
        users0_.USER_NO as user_no1_1_,
        users0_.CRT_DT as crt_dt2_1_,
        users0_.email as email3_1_,
        users0_.name as name4_1_,
        users0_.password as password5_1_,
        users0_.USER_ID as user_id6_1_ 
    from
        USERS users0_ 
    where
        users0_.USER_ID=?
2022-02-23 21:38:05.157  INFO 16136 --- [http-nio-8080-exec-2] c.bb17.store.jwt.JwtUserDetailsService   : ::JwtUserDetailsService -> loadUserByUsername
2022-02-23 21:38:05.157 DEBUG 16136 --- [http-nio-8080-exec-2] org.hibernate.SQL                        : 
    select
        users0_.USER_NO as col_0_0_ 
    from
        USERS users0_ 
    where
        users0_.USER_ID=? limit ?
2022-02-23 21:38:05.165 DEBUG 16136 --- [http-nio-8080-exec-2] org.hibernate.SQL                        : 
    select
        users0_.USER_NO as user_no1_1_,
        users0_.CRT_DT as crt_dt2_1_,
        users0_.email as email3_1_,
        users0_.name as name4_1_,
        users0_.password as password5_1_,
        users0_.USER_ID as user_id6_1_ 
    from
        USERS users0_ 
    where
        users0_.USER_ID=?
2022-02-23 21:38:05.172  INFO 16136 --- [http-nio-8080-exec-2] com.bb17.store.jwt.JwtTokenUtil          : ::JwtTokenUtil -> generateToken
2022-02-23 21:38:05.172  INFO 16136 --- [http-nio-8080-exec-2] com.bb17.store.jwt.JwtTokenUtil          : ::JwtTokenUtil -> doGenerateToken
2022-02-23 21:38:05.214 DEBUG 16136 --- [http-nio-8080-exec-2] org.hibernate.SQL                        : 
    select
        users0_.USER_NO as user_no1_1_,
        users0_.CRT_DT as crt_dt2_1_,
        users0_.email as email3_1_,
        users0_.name as name4_1_,
        users0_.password as password5_1_,
        users0_.USER_ID as user_id6_1_ 
    from
        USERS users0_ 
    where
        users0_.USER_ID=?
2022-02-23 22:40:37.442  INFO 16136 --- [http-nio-8080-exec-4] com.bb17.store.jwt.JwtRequestFilter      : ::JwtRequestFilter -> doFilterInternal
2022-02-23 22:40:37.443  INFO 16136 --- [http-nio-8080-exec-4] com.bb17.store.jwt.JwtRequestFilter      : auth: null
2022-02-23 22:40:37.443  WARN 16136 --- [http-nio-8080-exec-4] com.bb17.store.jwt.JwtRequestFilter      : JWT Token does not begin with Bearer String
2022-02-23 22:40:37.463  INFO 16136 --- [http-nio-8080-exec-4] JwtAuthenticationController              : ::JwtAuthenticationController -> createAuthenticationToken
2022-02-23 22:40:37.463  INFO 16136 --- [http-nio-8080-exec-4] JwtAuthenticationController              : id: pby1360
2022-02-23 22:40:37.463  INFO 16136 --- [http-nio-8080-exec-4] JwtAuthenticationController              : pw: comet1
2022-02-23 22:40:37.463  INFO 16136 --- [http-nio-8080-exec-4] JwtAuthenticationController              : ::JwtAuthenticationController -> authenticate
2022-02-23 22:40:37.464  INFO 16136 --- [http-nio-8080-exec-4] c.bb17.store.jwt.JwtUserDetailsService   : ::JwtUserDetailsService -> loadUserByUsername
2022-02-23 22:40:37.470 DEBUG 16136 --- [http-nio-8080-exec-4] org.hibernate.SQL                        : 
    select
        users0_.USER_NO as col_0_0_ 
    from
        USERS users0_ 
    where
        users0_.USER_ID=? limit ?
2022-02-23 22:40:37.486 DEBUG 16136 --- [http-nio-8080-exec-4] org.hibernate.SQL                        : 
    select
        users0_.USER_NO as user_no1_1_,
        users0_.CRT_DT as crt_dt2_1_,
        users0_.email as email3_1_,
        users0_.name as name4_1_,
        users0_.password as password5_1_,
        users0_.USER_ID as user_id6_1_ 
    from
        USERS users0_ 
    where
        users0_.USER_ID=?
2022-02-23 22:40:37.591  INFO 16136 --- [http-nio-8080-exec-4] c.bb17.store.jwt.JwtUserDetailsService   : ::JwtUserDetailsService -> loadUserByUsername
2022-02-23 22:40:37.593 DEBUG 16136 --- [http-nio-8080-exec-4] org.hibernate.SQL                        : 
    select
        users0_.USER_NO as col_0_0_ 
    from
        USERS users0_ 
    where
        users0_.USER_ID=? limit ?
2022-02-23 22:40:37.601 DEBUG 16136 --- [http-nio-8080-exec-4] org.hibernate.SQL                        : 
    select
        users0_.USER_NO as user_no1_1_,
        users0_.CRT_DT as crt_dt2_1_,
        users0_.email as email3_1_,
        users0_.name as name4_1_,
        users0_.password as password5_1_,
        users0_.USER_ID as user_id6_1_ 
    from
        USERS users0_ 
    where
        users0_.USER_ID=?
2022-02-23 22:40:37.608  INFO 16136 --- [http-nio-8080-exec-4] com.bb17.store.jwt.JwtTokenUtil          : ::JwtTokenUtil -> generateToken
2022-02-23 22:40:37.608  INFO 16136 --- [http-nio-8080-exec-4] com.bb17.store.jwt.JwtTokenUtil          : ::JwtTokenUtil -> doGenerateToken
2022-02-23 22:40:37.610 DEBUG 16136 --- [http-nio-8080-exec-4] org.hibernate.SQL                        : 
    select
        users0_.USER_NO as user_no1_1_,
        users0_.CRT_DT as crt_dt2_1_,
        users0_.email as email3_1_,
        users0_.name as name4_1_,
        users0_.password as password5_1_,
        users0_.USER_ID as user_id6_1_ 
    from
        USERS users0_ 
    where
        users0_.USER_ID=?
2022-02-23 22:52:40.853  INFO 16136 --- [http-nio-8080-exec-7] com.bb17.store.jwt.JwtRequestFilter      : ::JwtRequestFilter -> doFilterInternal
2022-02-23 22:52:40.854  INFO 16136 --- [http-nio-8080-exec-7] com.bb17.store.jwt.JwtRequestFilter      : auth: Bearer eyJhbGciOiJIUzUxMiJ9.eyJzdWIiOiJwYnkxMzYwIiwiZXhwIjoxNjQ5MjIzNjM3LCJpYXQiOjE2NDU2MjM2Mzd9.Y5YxlyVAi5I1VkH71Fac2sCofu3hwcgrFUAJKqiCa_utBVTWVI9ZvfRR_R6iCFMJK-QNJOO3EB1a04qZ3cfl-g
2022-02-23 22:52:40.856  INFO 16136 --- [http-nio-8080-exec-7] com.bb17.store.jwt.JwtTokenUtil          : ::JwtTokenUtil -> getUsernameFromToken
2022-02-23 22:52:40.857  INFO 16136 --- [http-nio-8080-exec-7] com.bb17.store.jwt.JwtTokenUtil          : ::JwtTokenUtil -> getClaimFromToken
2022-02-23 22:52:40.857  INFO 16136 --- [http-nio-8080-exec-7] com.bb17.store.jwt.JwtTokenUtil          : ::JwtTokenUtil -> getAllClaimsFromToken
2022-02-23 22:52:40.916 DEBUG 16136 --- [http-nio-8080-exec-7] org.hibernate.SQL                        : 
    select
        users0_.USER_NO as col_0_0_ 
    from
        USERS users0_ 
    where
        users0_.USER_ID=? limit ?
2022-02-23 22:52:40.931 DEBUG 16136 --- [http-nio-8080-exec-7] org.hibernate.SQL                        : 
    select
        users0_.USER_NO as user_no1_1_,
        users0_.CRT_DT as crt_dt2_1_,
        users0_.email as email3_1_,
        users0_.name as name4_1_,
        users0_.password as password5_1_,
        users0_.USER_ID as user_id6_1_ 
    from
        USERS users0_ 
    where
        users0_.USER_ID=?
2022-02-23 22:52:40.937  INFO 16136 --- [http-nio-8080-exec-7] com.bb17.store.jwt.JwtTokenUtil          : ::JwtTokenUtil -> validateToken
2022-02-23 22:52:40.938  INFO 16136 --- [http-nio-8080-exec-7] com.bb17.store.jwt.JwtTokenUtil          : ::JwtTokenUtil -> getUsernameFromToken
2022-02-23 22:52:40.938  INFO 16136 --- [http-nio-8080-exec-7] com.bb17.store.jwt.JwtTokenUtil          : ::JwtTokenUtil -> getClaimFromToken
2022-02-23 22:52:40.938  INFO 16136 --- [http-nio-8080-exec-7] com.bb17.store.jwt.JwtTokenUtil          : ::JwtTokenUtil -> getAllClaimsFromToken
2022-02-23 22:52:40.939  INFO 16136 --- [http-nio-8080-exec-7] com.bb17.store.jwt.JwtTokenUtil          : ::JwtTokenUtil -> isTokenExpired
2022-02-23 22:52:40.939  INFO 16136 --- [http-nio-8080-exec-7] com.bb17.store.jwt.JwtTokenUtil          : ::JwtTokenUtil -> getExpirationDateFromToken
2022-02-23 22:52:40.939  INFO 16136 --- [http-nio-8080-exec-7] com.bb17.store.jwt.JwtTokenUtil          : ::JwtTokenUtil -> getClaimFromToken
2022-02-23 22:52:40.939  INFO 16136 --- [http-nio-8080-exec-7] com.bb17.store.jwt.JwtTokenUtil          : ::JwtTokenUtil -> getAllClaimsFromToken
2022-02-23 22:52:40.948 DEBUG 16136 --- [http-nio-8080-exec-7] org.hibernate.SQL                        : 
    select
        users0_.USER_NO as user_no1_1_,
        users0_.CRT_DT as crt_dt2_1_,
        users0_.email as email3_1_,
        users0_.name as name4_1_,
        users0_.password as password5_1_,
        users0_.USER_ID as user_id6_1_ 
    from
        USERS users0_ 
    where
        users0_.USER_ID=?
2022-02-23 22:52:40.958  INFO 16136 --- [http-nio-8080-exec-7] CustomerContoroller                      : isEmpty ? true
2022-02-23 22:52:40.965 DEBUG 16136 --- [http-nio-8080-exec-7] org.hibernate.SQL                        : 
    select
        customer0_.CUS_NO as cus_no1_0_,
        customer0_.USER_NO as user_no2_0_,
        customer0_.birth as birth3_0_,
        customer0_.CRT_DT as crt_dt4_0_,
        customer0_.DETAIL_ADDRESS as detail_a5_0_,
        customer0_.email as email6_0_,
        customer0_.JIBUN_ADDRESS as jibun_ad7_0_,
        customer0_.memo as memo8_0_,
        customer0_.name as name9_0_,
        customer0_.PHONE_NUMBER as phone_n10_0_,
        customer0_.ROAD_ADDRESS as road_ad11_0_ 
    from
        CUSTOMER customer0_ 
    where
        customer0_.USER_NO=?
2022-02-23 22:52:43.062  INFO 16136 --- [http-nio-8080-exec-8] com.bb17.store.jwt.JwtRequestFilter      : ::JwtRequestFilter -> doFilterInternal
2022-02-23 22:52:43.063  INFO 16136 --- [http-nio-8080-exec-8] com.bb17.store.jwt.JwtRequestFilter      : auth: Bearer eyJhbGciOiJIUzUxMiJ9.eyJzdWIiOiJwYnkxMzYwIiwiZXhwIjoxNjQ5MjIzNjM3LCJpYXQiOjE2NDU2MjM2Mzd9.Y5YxlyVAi5I1VkH71Fac2sCofu3hwcgrFUAJKqiCa_utBVTWVI9ZvfRR_R6iCFMJK-QNJOO3EB1a04qZ3cfl-g
2022-02-23 22:52:43.063  INFO 16136 --- [http-nio-8080-exec-8] com.bb17.store.jwt.JwtTokenUtil          : ::JwtTokenUtil -> getUsernameFromToken
2022-02-23 22:52:43.063  INFO 16136 --- [http-nio-8080-exec-8] com.bb17.store.jwt.JwtTokenUtil          : ::JwtTokenUtil -> getClaimFromToken
2022-02-23 22:52:43.063  INFO 16136 --- [http-nio-8080-exec-8] com.bb17.store.jwt.JwtTokenUtil          : ::JwtTokenUtil -> getAllClaimsFromToken
2022-02-23 22:52:43.065 DEBUG 16136 --- [http-nio-8080-exec-8] org.hibernate.SQL                        : 
    select
        users0_.USER_NO as col_0_0_ 
    from
        USERS users0_ 
    where
        users0_.USER_ID=? limit ?
2022-02-23 22:52:43.077 DEBUG 16136 --- [http-nio-8080-exec-8] org.hibernate.SQL                        : 
    select
        users0_.USER_NO as user_no1_1_,
        users0_.CRT_DT as crt_dt2_1_,
        users0_.email as email3_1_,
        users0_.name as name4_1_,
        users0_.password as password5_1_,
        users0_.USER_ID as user_id6_1_ 
    from
        USERS users0_ 
    where
        users0_.USER_ID=?
2022-02-23 22:52:43.083  INFO 16136 --- [http-nio-8080-exec-8] com.bb17.store.jwt.JwtTokenUtil          : ::JwtTokenUtil -> validateToken
2022-02-23 22:52:43.084  INFO 16136 --- [http-nio-8080-exec-8] com.bb17.store.jwt.JwtTokenUtil          : ::JwtTokenUtil -> getUsernameFromToken
2022-02-23 22:52:43.084  INFO 16136 --- [http-nio-8080-exec-8] com.bb17.store.jwt.JwtTokenUtil          : ::JwtTokenUtil -> getClaimFromToken
2022-02-23 22:52:43.084  INFO 16136 --- [http-nio-8080-exec-8] com.bb17.store.jwt.JwtTokenUtil          : ::JwtTokenUtil -> getAllClaimsFromToken
2022-02-23 22:52:43.085  INFO 16136 --- [http-nio-8080-exec-8] com.bb17.store.jwt.JwtTokenUtil          : ::JwtTokenUtil -> isTokenExpired
2022-02-23 22:52:43.085  INFO 16136 --- [http-nio-8080-exec-8] com.bb17.store.jwt.JwtTokenUtil          : ::JwtTokenUtil -> getExpirationDateFromToken
2022-02-23 22:52:43.085  INFO 16136 --- [http-nio-8080-exec-8] com.bb17.store.jwt.JwtTokenUtil          : ::JwtTokenUtil -> getClaimFromToken
2022-02-23 22:52:43.085  INFO 16136 --- [http-nio-8080-exec-8] com.bb17.store.jwt.JwtTokenUtil          : ::JwtTokenUtil -> getAllClaimsFromToken
2022-02-23 22:52:43.087 DEBUG 16136 --- [http-nio-8080-exec-8] org.hibernate.SQL                        : 
    select
        users0_.USER_NO as user_no1_1_,
        users0_.CRT_DT as crt_dt2_1_,
        users0_.email as email3_1_,
        users0_.name as name4_1_,
        users0_.password as password5_1_,
        users0_.USER_ID as user_id6_1_ 
    from
        USERS users0_ 
    where
        users0_.USER_ID=?
2022-02-23 22:52:43.094  INFO 16136 --- [http-nio-8080-exec-8] CustomerContoroller                      : isEmpty ? true
2022-02-23 22:52:43.095 DEBUG 16136 --- [http-nio-8080-exec-8] org.hibernate.SQL                        : 
    select
        customer0_.CUS_NO as cus_no1_0_,
        customer0_.USER_NO as user_no2_0_,
        customer0_.birth as birth3_0_,
        customer0_.CRT_DT as crt_dt4_0_,
        customer0_.DETAIL_ADDRESS as detail_a5_0_,
        customer0_.email as email6_0_,
        customer0_.JIBUN_ADDRESS as jibun_ad7_0_,
        customer0_.memo as memo8_0_,
        customer0_.name as name9_0_,
        customer0_.PHONE_NUMBER as phone_n10_0_,
        customer0_.ROAD_ADDRESS as road_ad11_0_ 
    from
        CUSTOMER customer0_ 
    where
        customer0_.USER_NO=?
2022-02-23 22:52:47.225  INFO 16136 --- [http-nio-8080-exec-10] com.bb17.store.jwt.JwtRequestFilter      : ::JwtRequestFilter -> doFilterInternal
2022-02-23 22:52:47.226  INFO 16136 --- [http-nio-8080-exec-10] com.bb17.store.jwt.JwtRequestFilter      : auth: Bearer eyJhbGciOiJIUzUxMiJ9.eyJzdWIiOiJwYnkxMzYwIiwiZXhwIjoxNjQ5MjIzNjM3LCJpYXQiOjE2NDU2MjM2Mzd9.Y5YxlyVAi5I1VkH71Fac2sCofu3hwcgrFUAJKqiCa_utBVTWVI9ZvfRR_R6iCFMJK-QNJOO3EB1a04qZ3cfl-g
2022-02-23 22:52:47.226  INFO 16136 --- [http-nio-8080-exec-10] com.bb17.store.jwt.JwtTokenUtil          : ::JwtTokenUtil -> getUsernameFromToken
2022-02-23 22:52:47.226  INFO 16136 --- [http-nio-8080-exec-10] com.bb17.store.jwt.JwtTokenUtil          : ::JwtTokenUtil -> getClaimFromToken
2022-02-23 22:52:47.226  INFO 16136 --- [http-nio-8080-exec-10] com.bb17.store.jwt.JwtTokenUtil          : ::JwtTokenUtil -> getAllClaimsFromToken
2022-02-23 22:52:47.228 DEBUG 16136 --- [http-nio-8080-exec-10] org.hibernate.SQL                        : 
    select
        users0_.USER_NO as col_0_0_ 
    from
        USERS users0_ 
    where
        users0_.USER_ID=? limit ?
2022-02-23 22:52:47.241 DEBUG 16136 --- [http-nio-8080-exec-10] org.hibernate.SQL                        : 
    select
        users0_.USER_NO as user_no1_1_,
        users0_.CRT_DT as crt_dt2_1_,
        users0_.email as email3_1_,
        users0_.name as name4_1_,
        users0_.password as password5_1_,
        users0_.USER_ID as user_id6_1_ 
    from
        USERS users0_ 
    where
        users0_.USER_ID=?
2022-02-23 22:52:47.257  INFO 16136 --- [http-nio-8080-exec-10] com.bb17.store.jwt.JwtTokenUtil          : ::JwtTokenUtil -> validateToken
2022-02-23 22:52:47.257  INFO 16136 --- [http-nio-8080-exec-10] com.bb17.store.jwt.JwtTokenUtil          : ::JwtTokenUtil -> getUsernameFromToken
2022-02-23 22:52:47.257  INFO 16136 --- [http-nio-8080-exec-10] com.bb17.store.jwt.JwtTokenUtil          : ::JwtTokenUtil -> getClaimFromToken
2022-02-23 22:52:47.257  INFO 16136 --- [http-nio-8080-exec-10] com.bb17.store.jwt.JwtTokenUtil          : ::JwtTokenUtil -> getAllClaimsFromToken
2022-02-23 22:52:47.258  INFO 16136 --- [http-nio-8080-exec-10] com.bb17.store.jwt.JwtTokenUtil          : ::JwtTokenUtil -> isTokenExpired
2022-02-23 22:52:47.258  INFO 16136 --- [http-nio-8080-exec-10] com.bb17.store.jwt.JwtTokenUtil          : ::JwtTokenUtil -> getExpirationDateFromToken
2022-02-23 22:52:47.258  INFO 16136 --- [http-nio-8080-exec-10] com.bb17.store.jwt.JwtTokenUtil          : ::JwtTokenUtil -> getClaimFromToken
2022-02-23 22:52:47.258  INFO 16136 --- [http-nio-8080-exec-10] com.bb17.store.jwt.JwtTokenUtil          : ::JwtTokenUtil -> getAllClaimsFromToken
2022-02-23 22:52:47.260 DEBUG 16136 --- [http-nio-8080-exec-10] org.hibernate.SQL                        : 
    select
        users0_.USER_NO as user_no1_1_,
        users0_.CRT_DT as crt_dt2_1_,
        users0_.email as email3_1_,
        users0_.name as name4_1_,
        users0_.password as password5_1_,
        users0_.USER_ID as user_id6_1_ 
    from
        USERS users0_ 
    where
        users0_.USER_ID=?
2022-02-23 22:52:47.271  INFO 16136 --- [http-nio-8080-exec-10] CustomerContoroller                      : isEmpty ? true
2022-02-23 22:52:47.271 DEBUG 16136 --- [http-nio-8080-exec-10] org.hibernate.SQL                        : 
    select
        customer0_.CUS_NO as cus_no1_0_,
        customer0_.USER_NO as user_no2_0_,
        customer0_.birth as birth3_0_,
        customer0_.CRT_DT as crt_dt4_0_,
        customer0_.DETAIL_ADDRESS as detail_a5_0_,
        customer0_.email as email6_0_,
        customer0_.JIBUN_ADDRESS as jibun_ad7_0_,
        customer0_.memo as memo8_0_,
        customer0_.name as name9_0_,
        customer0_.PHONE_NUMBER as phone_n10_0_,
        customer0_.ROAD_ADDRESS as road_ad11_0_ 
    from
        CUSTOMER customer0_ 
    where
        customer0_.USER_NO=?
2022-02-23 22:56:19.401  INFO 16136 --- [http-nio-8080-exec-3] com.bb17.store.jwt.JwtRequestFilter      : ::JwtRequestFilter -> doFilterInternal
2022-02-23 22:56:19.401  INFO 16136 --- [http-nio-8080-exec-3] com.bb17.store.jwt.JwtRequestFilter      : auth: Bearer eyJhbGciOiJIUzUxMiJ9.eyJzdWIiOiJwYnkxMzYwIiwiZXhwIjoxNjQ5MjIzNjM3LCJpYXQiOjE2NDU2MjM2Mzd9.Y5YxlyVAi5I1VkH71Fac2sCofu3hwcgrFUAJKqiCa_utBVTWVI9ZvfRR_R6iCFMJK-QNJOO3EB1a04qZ3cfl-g
2022-02-23 22:56:19.401  INFO 16136 --- [http-nio-8080-exec-3] com.bb17.store.jwt.JwtTokenUtil          : ::JwtTokenUtil -> getUsernameFromToken
2022-02-23 22:56:19.401  INFO 16136 --- [http-nio-8080-exec-3] com.bb17.store.jwt.JwtTokenUtil          : ::JwtTokenUtil -> getClaimFromToken
2022-02-23 22:56:19.401  INFO 16136 --- [http-nio-8080-exec-3] com.bb17.store.jwt.JwtTokenUtil          : ::JwtTokenUtil -> getAllClaimsFromToken
2022-02-23 22:56:19.404 DEBUG 16136 --- [http-nio-8080-exec-3] org.hibernate.SQL                        : 
    select
        users0_.USER_NO as col_0_0_ 
    from
        USERS users0_ 
    where
        users0_.USER_ID=? limit ?
2022-02-23 22:56:19.415 DEBUG 16136 --- [http-nio-8080-exec-3] org.hibernate.SQL                        : 
    select
        users0_.USER_NO as user_no1_1_,
        users0_.CRT_DT as crt_dt2_1_,
        users0_.email as email3_1_,
        users0_.name as name4_1_,
        users0_.password as password5_1_,
        users0_.USER_ID as user_id6_1_ 
    from
        USERS users0_ 
    where
        users0_.USER_ID=?
2022-02-23 22:56:19.421  INFO 16136 --- [http-nio-8080-exec-3] com.bb17.store.jwt.JwtTokenUtil          : ::JwtTokenUtil -> validateToken
2022-02-23 22:56:19.421  INFO 16136 --- [http-nio-8080-exec-3] com.bb17.store.jwt.JwtTokenUtil          : ::JwtTokenUtil -> getUsernameFromToken
2022-02-23 22:56:19.421  INFO 16136 --- [http-nio-8080-exec-3] com.bb17.store.jwt.JwtTokenUtil          : ::JwtTokenUtil -> getClaimFromToken
2022-02-23 22:56:19.421  INFO 16136 --- [http-nio-8080-exec-3] com.bb17.store.jwt.JwtTokenUtil          : ::JwtTokenUtil -> getAllClaimsFromToken
2022-02-23 22:56:19.422  INFO 16136 --- [http-nio-8080-exec-3] com.bb17.store.jwt.JwtTokenUtil          : ::JwtTokenUtil -> isTokenExpired
2022-02-23 22:56:19.423  INFO 16136 --- [http-nio-8080-exec-3] com.bb17.store.jwt.JwtTokenUtil          : ::JwtTokenUtil -> getExpirationDateFromToken
2022-02-23 22:56:19.423  INFO 16136 --- [http-nio-8080-exec-3] com.bb17.store.jwt.JwtTokenUtil          : ::JwtTokenUtil -> getClaimFromToken
2022-02-23 22:56:19.423  INFO 16136 --- [http-nio-8080-exec-3] com.bb17.store.jwt.JwtTokenUtil          : ::JwtTokenUtil -> getAllClaimsFromToken
2022-02-23 22:56:19.425 DEBUG 16136 --- [http-nio-8080-exec-3] org.hibernate.SQL                        : 
    select
        users0_.USER_NO as user_no1_1_,
        users0_.CRT_DT as crt_dt2_1_,
        users0_.email as email3_1_,
        users0_.name as name4_1_,
        users0_.password as password5_1_,
        users0_.USER_ID as user_id6_1_ 
    from
        USERS users0_ 
    where
        users0_.USER_ID=?
2022-02-23 22:56:19.431  INFO 16136 --- [http-nio-8080-exec-3] CustomerContoroller                      : isEmpty ? true
2022-02-23 22:56:19.432 DEBUG 16136 --- [http-nio-8080-exec-3] org.hibernate.SQL                        : 
    select
        customer0_.CUS_NO as cus_no1_0_,
        customer0_.USER_NO as user_no2_0_,
        customer0_.birth as birth3_0_,
        customer0_.CRT_DT as crt_dt4_0_,
        customer0_.DETAIL_ADDRESS as detail_a5_0_,
        customer0_.email as email6_0_,
        customer0_.JIBUN_ADDRESS as jibun_ad7_0_,
        customer0_.memo as memo8_0_,
        customer0_.name as name9_0_,
        customer0_.PHONE_NUMBER as phone_n10_0_,
        customer0_.ROAD_ADDRESS as road_ad11_0_ 
    from
        CUSTOMER customer0_ 
    where
        customer0_.USER_NO=?
2022-02-23 22:56:22.373  INFO 16136 --- [http-nio-8080-exec-4] com.bb17.store.jwt.JwtRequestFilter      : ::JwtRequestFilter -> doFilterInternal
2022-02-23 22:56:22.373  INFO 16136 --- [http-nio-8080-exec-4] com.bb17.store.jwt.JwtRequestFilter      : auth: Bearer eyJhbGciOiJIUzUxMiJ9.eyJzdWIiOiJwYnkxMzYwIiwiZXhwIjoxNjQ5MjIzNjM3LCJpYXQiOjE2NDU2MjM2Mzd9.Y5YxlyVAi5I1VkH71Fac2sCofu3hwcgrFUAJKqiCa_utBVTWVI9ZvfRR_R6iCFMJK-QNJOO3EB1a04qZ3cfl-g
2022-02-23 22:56:22.373  INFO 16136 --- [http-nio-8080-exec-4] com.bb17.store.jwt.JwtTokenUtil          : ::JwtTokenUtil -> getUsernameFromToken
2022-02-23 22:56:22.373  INFO 16136 --- [http-nio-8080-exec-4] com.bb17.store.jwt.JwtTokenUtil          : ::JwtTokenUtil -> getClaimFromToken
2022-02-23 22:56:22.373  INFO 16136 --- [http-nio-8080-exec-4] com.bb17.store.jwt.JwtTokenUtil          : ::JwtTokenUtil -> getAllClaimsFromToken
2022-02-23 22:56:22.376 DEBUG 16136 --- [http-nio-8080-exec-4] org.hibernate.SQL                        : 
    select
        users0_.USER_NO as col_0_0_ 
    from
        USERS users0_ 
    where
        users0_.USER_ID=? limit ?
2022-02-23 22:56:22.387 DEBUG 16136 --- [http-nio-8080-exec-4] org.hibernate.SQL                        : 
    select
        users0_.USER_NO as user_no1_1_,
        users0_.CRT_DT as crt_dt2_1_,
        users0_.email as email3_1_,
        users0_.name as name4_1_,
        users0_.password as password5_1_,
        users0_.USER_ID as user_id6_1_ 
    from
        USERS users0_ 
    where
        users0_.USER_ID=?
2022-02-23 22:56:22.394  INFO 16136 --- [http-nio-8080-exec-4] com.bb17.store.jwt.JwtTokenUtil          : ::JwtTokenUtil -> validateToken
2022-02-23 22:56:22.394  INFO 16136 --- [http-nio-8080-exec-4] com.bb17.store.jwt.JwtTokenUtil          : ::JwtTokenUtil -> getUsernameFromToken
2022-02-23 22:56:22.394  INFO 16136 --- [http-nio-8080-exec-4] com.bb17.store.jwt.JwtTokenUtil          : ::JwtTokenUtil -> getClaimFromToken
2022-02-23 22:56:22.394  INFO 16136 --- [http-nio-8080-exec-4] com.bb17.store.jwt.JwtTokenUtil          : ::JwtTokenUtil -> getAllClaimsFromToken
2022-02-23 22:56:22.396  INFO 16136 --- [http-nio-8080-exec-4] com.bb17.store.jwt.JwtTokenUtil          : ::JwtTokenUtil -> isTokenExpired
2022-02-23 22:56:22.396  INFO 16136 --- [http-nio-8080-exec-4] com.bb17.store.jwt.JwtTokenUtil          : ::JwtTokenUtil -> getExpirationDateFromToken
2022-02-23 22:56:22.396  INFO 16136 --- [http-nio-8080-exec-4] com.bb17.store.jwt.JwtTokenUtil          : ::JwtTokenUtil -> getClaimFromToken
2022-02-23 22:56:22.396  INFO 16136 --- [http-nio-8080-exec-4] com.bb17.store.jwt.JwtTokenUtil          : ::JwtTokenUtil -> getAllClaimsFromToken
2022-02-23 22:56:22.397 DEBUG 16136 --- [http-nio-8080-exec-4] org.hibernate.SQL                        : 
    select
        users0_.USER_NO as user_no1_1_,
        users0_.CRT_DT as crt_dt2_1_,
        users0_.email as email3_1_,
        users0_.name as name4_1_,
        users0_.password as password5_1_,
        users0_.USER_ID as user_id6_1_ 
    from
        USERS users0_ 
    where
        users0_.USER_ID=?
2022-02-23 22:56:22.404  INFO 16136 --- [http-nio-8080-exec-4] CustomerContoroller                      : isEmpty ? true
2022-02-23 22:56:22.405 DEBUG 16136 --- [http-nio-8080-exec-4] org.hibernate.SQL                        : 
    select
        customer0_.CUS_NO as cus_no1_0_,
        customer0_.USER_NO as user_no2_0_,
        customer0_.birth as birth3_0_,
        customer0_.CRT_DT as crt_dt4_0_,
        customer0_.DETAIL_ADDRESS as detail_a5_0_,
        customer0_.email as email6_0_,
        customer0_.JIBUN_ADDRESS as jibun_ad7_0_,
        customer0_.memo as memo8_0_,
        customer0_.name as name9_0_,
        customer0_.PHONE_NUMBER as phone_n10_0_,
        customer0_.ROAD_ADDRESS as road_ad11_0_ 
    from
        CUSTOMER customer0_ 
    where
        customer0_.USER_NO=?
2022-02-23 22:56:25.272  INFO 16136 --- [http-nio-8080-exec-6] com.bb17.store.jwt.JwtRequestFilter      : ::JwtRequestFilter -> doFilterInternal
2022-02-23 22:56:25.272  INFO 16136 --- [http-nio-8080-exec-6] com.bb17.store.jwt.JwtRequestFilter      : auth: Bearer eyJhbGciOiJIUzUxMiJ9.eyJzdWIiOiJwYnkxMzYwIiwiZXhwIjoxNjQ5MjIzNjM3LCJpYXQiOjE2NDU2MjM2Mzd9.Y5YxlyVAi5I1VkH71Fac2sCofu3hwcgrFUAJKqiCa_utBVTWVI9ZvfRR_R6iCFMJK-QNJOO3EB1a04qZ3cfl-g
2022-02-23 22:56:25.272  INFO 16136 --- [http-nio-8080-exec-6] com.bb17.store.jwt.JwtTokenUtil          : ::JwtTokenUtil -> getUsernameFromToken
2022-02-23 22:56:25.272  INFO 16136 --- [http-nio-8080-exec-6] com.bb17.store.jwt.JwtTokenUtil          : ::JwtTokenUtil -> getClaimFromToken
2022-02-23 22:56:25.272  INFO 16136 --- [http-nio-8080-exec-6] com.bb17.store.jwt.JwtTokenUtil          : ::JwtTokenUtil -> getAllClaimsFromToken
2022-02-23 22:56:25.273 DEBUG 16136 --- [http-nio-8080-exec-6] org.hibernate.SQL                        : 
    select
        users0_.USER_NO as col_0_0_ 
    from
        USERS users0_ 
    where
        users0_.USER_ID=? limit ?
2022-02-23 22:56:25.285 DEBUG 16136 --- [http-nio-8080-exec-6] org.hibernate.SQL                        : 
    select
        users0_.USER_NO as user_no1_1_,
        users0_.CRT_DT as crt_dt2_1_,
        users0_.email as email3_1_,
        users0_.name as name4_1_,
        users0_.password as password5_1_,
        users0_.USER_ID as user_id6_1_ 
    from
        USERS users0_ 
    where
        users0_.USER_ID=?
2022-02-23 22:56:25.292  INFO 16136 --- [http-nio-8080-exec-6] com.bb17.store.jwt.JwtTokenUtil          : ::JwtTokenUtil -> validateToken
2022-02-23 22:56:25.292  INFO 16136 --- [http-nio-8080-exec-6] com.bb17.store.jwt.JwtTokenUtil          : ::JwtTokenUtil -> getUsernameFromToken
2022-02-23 22:56:25.292  INFO 16136 --- [http-nio-8080-exec-6] com.bb17.store.jwt.JwtTokenUtil          : ::JwtTokenUtil -> getClaimFromToken
2022-02-23 22:56:25.292  INFO 16136 --- [http-nio-8080-exec-6] com.bb17.store.jwt.JwtTokenUtil          : ::JwtTokenUtil -> getAllClaimsFromToken
2022-02-23 22:56:25.293  INFO 16136 --- [http-nio-8080-exec-6] com.bb17.store.jwt.JwtTokenUtil          : ::JwtTokenUtil -> isTokenExpired
2022-02-23 22:56:25.293  INFO 16136 --- [http-nio-8080-exec-6] com.bb17.store.jwt.JwtTokenUtil          : ::JwtTokenUtil -> getExpirationDateFromToken
2022-02-23 22:56:25.293  INFO 16136 --- [http-nio-8080-exec-6] com.bb17.store.jwt.JwtTokenUtil          : ::JwtTokenUtil -> getClaimFromToken
2022-02-23 22:56:25.293  INFO 16136 --- [http-nio-8080-exec-6] com.bb17.store.jwt.JwtTokenUtil          : ::JwtTokenUtil -> getAllClaimsFromToken
2022-02-23 22:56:25.294 DEBUG 16136 --- [http-nio-8080-exec-6] org.hibernate.SQL                        : 
    select
        users0_.USER_NO as user_no1_1_,
        users0_.CRT_DT as crt_dt2_1_,
        users0_.email as email3_1_,
        users0_.name as name4_1_,
        users0_.password as password5_1_,
        users0_.USER_ID as user_id6_1_ 
    from
        USERS users0_ 
    where
        users0_.USER_ID=?
2022-02-23 22:56:25.300  INFO 16136 --- [http-nio-8080-exec-6] CustomerContoroller                      : isEmpty ? true
2022-02-23 22:56:25.301 DEBUG 16136 --- [http-nio-8080-exec-6] org.hibernate.SQL                        : 
    select
        customer0_.CUS_NO as cus_no1_0_,
        customer0_.USER_NO as user_no2_0_,
        customer0_.birth as birth3_0_,
        customer0_.CRT_DT as crt_dt4_0_,
        customer0_.DETAIL_ADDRESS as detail_a5_0_,
        customer0_.email as email6_0_,
        customer0_.JIBUN_ADDRESS as jibun_ad7_0_,
        customer0_.memo as memo8_0_,
        customer0_.name as name9_0_,
        customer0_.PHONE_NUMBER as phone_n10_0_,
        customer0_.ROAD_ADDRESS as road_ad11_0_ 
    from
        CUSTOMER customer0_ 
    where
        customer0_.USER_NO=?
2022-02-23 22:56:28.985  INFO 16136 --- [http-nio-8080-exec-7] com.bb17.store.jwt.JwtRequestFilter      : ::JwtRequestFilter -> doFilterInternal
2022-02-23 22:56:28.985  INFO 16136 --- [http-nio-8080-exec-7] com.bb17.store.jwt.JwtRequestFilter      : auth: Bearer eyJhbGciOiJIUzUxMiJ9.eyJzdWIiOiJwYnkxMzYwIiwiZXhwIjoxNjQ5MjIzNjM3LCJpYXQiOjE2NDU2MjM2Mzd9.Y5YxlyVAi5I1VkH71Fac2sCofu3hwcgrFUAJKqiCa_utBVTWVI9ZvfRR_R6iCFMJK-QNJOO3EB1a04qZ3cfl-g
2022-02-23 22:56:28.985  INFO 16136 --- [http-nio-8080-exec-7] com.bb17.store.jwt.JwtTokenUtil          : ::JwtTokenUtil -> getUsernameFromToken
2022-02-23 22:56:28.985  INFO 16136 --- [http-nio-8080-exec-7] com.bb17.store.jwt.JwtTokenUtil          : ::JwtTokenUtil -> getClaimFromToken
2022-02-23 22:56:28.985  INFO 16136 --- [http-nio-8080-exec-7] com.bb17.store.jwt.JwtTokenUtil          : ::JwtTokenUtil -> getAllClaimsFromToken
